<?xml version="1.0" encoding="UTF-8"?>
<!-- Generated by org.testng.reporters.JUnitReportReporter -->
<testsuite skipped="0" hostname="ALISON-HP" name="testcases.FlightBookingTests" tests="1" failures="0" timestamp="07 Sep 2019 16:49:04 GMT" time="12.651" errors="0">
  <testcase name="testBookFlight" time="12.651" classname="testcases.FlightBookingTests"/>
</testsuite> <!-- testcases.FlightBookingTests -->
