<?xml version="1.0" encoding="UTF-8"?>
<!-- Generated by org.testng.reporters.JUnitReportReporter -->
<testsuite skipped="0" hostname="ALISON-HP" name="testcases.CruiseBookingTests" tests="1" failures="0" timestamp="07 Sep 2019 16:49:04 GMT" time="11.551" errors="0">
  <testcase name="testBookCruise" time="11.551" classname="testcases.CruiseBookingTests"/>
</testsuite> <!-- testcases.CruiseBookingTests -->
