<?xml version="1.0" encoding="UTF-8"?>
<!-- Generated by org.testng.reporters.JUnitReportReporter -->
<testsuite skipped="0" hostname="ALISON-HP" name="testcases.RegistrationAndLoginTests" tests="2" failures="0" timestamp="07 Sep 2019 16:49:04 GMT" time="25.032" errors="0">
  <testcase name="testRegisterUser" time="14.459" classname="testcases.RegistrationAndLoginTests"/>
  <testcase name="logonUser" time="10.573" classname="testcases.RegistrationAndLoginTests"/>
</testsuite> <!-- testcases.RegistrationAndLoginTests -->
