<?xml version="1.0" encoding="UTF-8"?>
<!-- Generated by org.testng.reporters.JUnitReportReporter -->
<testsuite skipped="0" hostname="ALISON-HP" name="testcases.RegistrationAndLoginTests" tests="2" failures="0" timestamp="07 Sep 2019 13:54:18 GMT" time="36.695" errors="0">
  <testcase name="logonUser" time="9.516" classname="testcases.RegistrationAndLoginTests"/>
  <testcase name="testRegisterUser" time="27.179" classname="testcases.RegistrationAndLoginTests"/>
</testsuite> <!-- testcases.RegistrationAndLoginTests -->
